<?xml version="1.0" encoding="UTF-8"?>
<coverage generated="1604913068943" clover="3.2.0">
  <project timestamp="1604913068943" name="All files">
    <metrics statements="20" coveredstatements="19" conditionals="7" coveredconditionals="0" methods="9" coveredmethods="5" elements="36" coveredelements="24" complexity="0" loc="20" ncloc="20" packages="1" files="2" classes="2"/>
    <file name="Button.vue" path="/Users/kianzyk/Documents/projects/notebook/playground/Vue3.0/src/components/Button.vue">
      <metrics statements="4" coveredstatements="4" conditionals="0" coveredconditionals="0" methods="2" coveredmethods="2"/>
      <line num="2" count="1" type="stmt"/>
      <line num="8" count="2" type="stmt"/>
      <line num="9" count="1" type="stmt"/>
      <line num="11" count="2" type="stmt"/>
    </file>
    <file name="ElementButton.vue" path="/Users/kianzyk/Documents/projects/notebook/playground/Vue3.0/src/components/ElementButton.vue">
      <metrics statements="16" coveredstatements="15" conditionals="7" coveredconditionals="0" methods="7" coveredmethods="3"/>
      <line num="2" count="1" type="stmt"/>
      <line num="11" count="1" type="stmt"/>
      <line num="13" count="2" type="stmt"/>
      <line num="14" count="2" type="cond" truecount="0" falsecount="2"/>
      <line num="16" count="2" type="stmt"/>
      <line num="19" count="1" type="stmt"/>
      <line num="21" count="2" type="stmt"/>
      <line num="25" count="2" type="stmt"/>
      <line num="27" count="2" type="cond" truecount="0" falsecount="5"/>
      <line num="33" count="2" type="stmt"/>
      <line num="54" count="2" type="stmt"/>
      <line num="56" count="2" type="stmt"/>
      <line num="57" count="0" type="stmt"/>
      <line num="60" count="2" type="stmt"/>
      <line num="61" count="2" type="stmt"/>
      <line num="63" count="2" type="stmt"/>
    </file>
  </project>
</coverage>
