TN:
SF:/Users/kianzyk/Documents/projects/notebook/playground/Vue3.0/src/components/Button.vue
FN:7,(anonymous_0)
FN:8,(anonymous_1)
FNF:2
FNH:2
FNDA:2,(anonymous_0)
FNDA:1,(anonymous_1)
DA:2,1
DA:8,2
DA:9,1
DA:11,2
LF:4
LH:4
BRF:0
BRH:0
end_of_record
TN:
SF:/Users/kianzyk/Documents/projects/notebook/playground/Vue3.0/src/components/ElementButton.vue
FN:11,(anonymous_0)
FN:14,(anonymous_1)
FN:19,(anonymous_2)
FN:25,(anonymous_3)
FN:27,(anonymous_4)
FN:50,(anonymous_5)
FN:56,(anonymous_6)
FNF:7
FNH:3
FNDA:2,(anonymous_0)
FNDA:0,(anonymous_1)
FNDA:2,(anonymous_2)
FNDA:0,(anonymous_3)
FNDA:0,(anonymous_4)
FNDA:2,(anonymous_5)
FNDA:0,(anonymous_6)
DA:2,1
DA:11,1
DA:13,2
DA:14,2
DA:16,2
DA:19,1
DA:21,2
DA:25,2
DA:27,2
DA:33,2
DA:54,2
DA:56,2
DA:57,0
DA:60,2
DA:61,2
DA:63,2
LF:16
LH:15
BRDA:14,0,0,0
BRDA:14,0,1,0
BRDA:27,1,0,0
BRDA:27,1,1,0
BRDA:27,1,2,0
BRDA:27,2,0,0
BRDA:27,2,1,0
BRF:7
BRH:0
end_of_record
